<?xml version="1.0" encoding="UTF-8"?>
<!-- Generated by org.testng.reporters.JUnitReportReporter -->
<testsuite hostname="DESKTOP-PEK5UDU" failures="0" tests="1" name="com.aman.selenium.tests.OrangeHRMTest2" time="20.679" errors="0" timestamp="2021-05-24T13:59:31 IST" skipped="0">
  <testcase classname="com.aman.selenium.tests.OrangeHRMTest2" name="loginLogout" time="20.679"/>
  <system-out/>
</testsuite> <!-- com.aman.selenium.tests.OrangeHRMTest2 -->
