<?xml version="1.0" encoding="UTF-8"?>
<!-- Generated by org.testng.reporters.JUnitReportReporter -->
<testsuite hostname="DESKTOP-PEK5UDU" failures="0" tests="5" name="com.aman.selenium.dataprovider.DataProvider" time="0.021" errors="0" timestamp="2021-06-01T14:17:11 IST" skipped="0">
  <testcase classname="com.aman.selenium.dataprovider.DataProvider" name="test1" time="0.010"/>
  <system-out/>
  <testcase classname="com.aman.selenium.dataprovider.DataProvider" name="test2" time="0.003"/>
  <system-out/>
  <testcase classname="com.aman.selenium.dataprovider.DataProvider" name="test2" time="0.003"/>
  <system-out/>
  <testcase classname="com.aman.selenium.dataprovider.DataProvider" name="test2" time="0.003"/>
  <system-out/>
  <testcase classname="com.aman.selenium.dataprovider.DataProvider" name="test1" time="0.002"/>
  <system-out/>
</testsuite> <!-- com.aman.selenium.dataprovider.DataProvider -->
