<?xml version="1.0" encoding="UTF-8"?>
<!-- Generated by org.testng.reporters.JUnitReportReporter -->
<testsuite hostname="DESKTOP-PEK5UDU" failures="0" tests="1" name="com.aman.selenium.tests.OrangeHRMTest" time="21.114" errors="0" timestamp="2021-05-31T12:20:19 IST" skipped="0">
  <testcase classname="com.aman.selenium.tests.OrangeHRMTest" name="loginLogout" time="21.114"/>
  <system-out/>
</testsuite> <!-- com.aman.selenium.tests.OrangeHRMTest -->
