<?xml version="1.0" encoding="UTF-8"?>
<!-- Generated by org.testng.reporters.JUnitReportReporter -->
<testsuite hostname="DESKTOP-PEK5UDU" failures="0" tests="4" name="com.aman.selenium.dataprovider.DataProviderWithExcel" time="0.026" errors="0" timestamp="2021-06-02T20:17:57 IST" skipped="0">
  <testcase classname="com.aman.selenium.dataprovider.DataProviderWithExcel" name="test2" time="0.004"/>
  <system-out/>
  <testcase classname="com.aman.selenium.dataprovider.DataProviderWithExcel" name="test2" time="0.004"/>
  <system-out/>
  <testcase classname="com.aman.selenium.dataprovider.DataProviderWithExcel" name="test2" time="0.014"/>
  <system-out/>
  <testcase classname="com.aman.selenium.dataprovider.DataProviderWithExcel" name="test2" time="0.004"/>
  <system-out/>
</testsuite> <!-- com.aman.selenium.dataprovider.DataProviderWithExcel -->
