<?xml version="1.0" encoding="UTF-8"?>
<!-- Generated by org.testng.reporters.JUnitReportReporter -->
<testsuite skipped="0" hostname="DESKTOP-PEK5UDU" name="com.qa.tests.WeatherShopperTest" tests="1" failures="0" timestamp="2021-12-21T09:24:55 IST" time="10.470" errors="0">
  <testcase name="weatherShopping1" time="10.470" classname="com.qa.tests.WeatherShopperTest"/>
  <system-out/>
</testsuite> <!-- com.qa.tests.WeatherShopperTest -->
