<?xml version="1.0" encoding="UTF-8"?>
<!-- Generated by org.testng.reporters.JUnitReportReporter -->
<testsuite skipped="0" hostname="DESKTOP-PEK5UDU" name="com.qa.tests.BholaPhonesTest" tests="1" failures="0" timestamp="2021-12-21T12:49:58 IST" time="12.100" errors="0">
  <testcase name="signInPositive" time="12.100" classname="com.qa.tests.BholaPhonesTest"/>
  <system-out/>
</testsuite> <!-- com.qa.tests.BholaPhonesTest -->
